{"numFailedTestSuites":6,"numFailedTests":4,"numPassedTestSuites":13,"numPassedTests":16,"numPendingTestSuites":0,"numPendingTests":0,"numRuntimeErrorTestSuites":2,"numTodoTests":0,"numTotalTestSuites":19,"numTotalTests":20,"openHandles":[],"snapshot":{"added":0,"didUpdate":false,"failure":false,"filesAdded":0,"filesRemoved":0,"filesRemovedList":[],"filesUnmatched":0,"filesUpdated":0,"matched":0,"total":0,"unchecked":0,"uncheckedKeysByFile":[],"unmatched":0,"updated":0},"startTime":1769463145816,"success":false,"testResults":[{"assertionResults":[{"ancestorTitles":["Donation Routes","POST /api/v1/donation/create"],"duration":1451,"failing":false,"failureDetails":[],"failureMessages":[],"fullName":"Donation Routes POST /api/v1/donation/create should create a donation successfully","invocations":1,"location":null,"numPassingAsserts":3,"retryReasons":[],"startAt":1769463174407,"status":"passed","title":"should create a donation successfully"},{"ancestorTitles":["Donation Routes","GET /api/v1/donation"],"duration":37,"failing":false,"failureDetails":[],"failureMessages":[],"fullName":"Donation Routes GET /api/v1/donation should fetch all donations successfully","invocations":1,"location":null,"numPassingAsserts":2,"retryReasons":[],"startAt":1769463175861,"status":"passed","title":"should fetch all donations successfully"}],"endTime":1769463175904,"message":"","name":"C:\\Users\\pc\\Documents\\GitHub\\mowdmin-mobile-be\\src\\__tests__\\Donation.test.js","startTime":1769463153564,"status":"passed","summary":""},{"assertionResults":[{"ancestorTitles":["Payment Routes"],"duration":1669,"failing":false,"failureDetails":[],"failureMessages":[],"fullName":"Payment Routes should create a payment successfully","invocations":1,"location":null,"numPassingAsserts":1,"retryReasons":[],"startAt":1769463247427,"status":"passed","title":"should create a payment successfully"}],"endTime":1769463249105,"message":"","name":"C:\\Users\\pc\\Documents\\GitHub\\mowdmin-mobile-be\\src\\__tests__\\Payment.test.js","startTime":1769463153803,"status":"passed","summary":""},{"assertionResults":[{"ancestorTitles":["Media Routes"],"duration":1591,"failing":false,"failureDetails":[],"failureMessages":[],"fullName":"Media Routes should create media successfully","invocations":1,"location":null,"numPassingAsserts":2,"retryReasons":[],"startAt":1769463247533,"status":"passed","title":"should create media successfully"}],"endTime":1769463249130,"message":"","name":"C:\\Users\\pc\\Documents\\GitHub\\mowdmin-mobile-be\\src\\__tests__\\Media.test.js","startTime":1769463153326,"status":"passed","summary":""},{"assertionResults":[{"ancestorTitles":["Media Category Routes"],"duration":3,"failing":false,"failureDetails":[{}],"failureMessages":["TypeError: Cannot read properties of undefined (reading 'mockResolvedValue')\n    at Object.mockResolvedValue (C:\\Users\\pc\\Documents\\GitHub\\mowdmin-mobile-be\\src\\__tests__\\MediaCategory.test.js:48:45)\n    at Promise.finally.completed (C:\\Users\\pc\\Documents\\GitHub\\mowdmin-mobile-be\\node_modules\\jest-circus\\build\\jestAdapterInit.js:1557:28)\n    at new Promise (<anonymous>)\n    at callAsyncCircusFn (C:\\Users\\pc\\Documents\\GitHub\\mowdmin-mobile-be\\node_modules\\jest-circus\\build\\jestAdapterInit.js:1497:10)\n    at _callCircusTest (C:\\Users\\pc\\Documents\\GitHub\\mowdmin-mobile-be\\node_modules\\jest-circus\\build\\jestAdapterInit.js:1007:40)\n    at processTicksAndRejections (node:internal/process/task_queues:105:5)\n    at _runTest (C:\\Users\\pc\\Documents\\GitHub\\mowdmin-mobile-be\\node_modules\\jest-circus\\build\\jestAdapterInit.js:947:3)\n    at C:\\Users\\pc\\Documents\\GitHub\\mowdmin-mobile-be\\node_modules\\jest-circus\\build\\jestAdapterInit.js:849:7\n    at _runTestsForDescribeBlock (C:\\Users\\pc\\Documents\\GitHub\\mowdmin-mobile-be\\node_modules\\jest-circus\\build\\jestAdapterInit.js:862:11)\n    at _runTestsForDescribeBlock (C:\\Users\\pc\\Documents\\GitHub\\mowdmin-mobile-be\\node_modules\\jest-circus\\build\\jestAdapterInit.js:857:11)\n    at run (C:\\Users\\pc\\Documents\\GitHub\\mowdmin-mobile-be\\node_modules\\jest-circus\\build\\jestAdapterInit.js:761:3)\n    at runAndTransformResultsToJestFormat (C:\\Users\\pc\\Documents\\GitHub\\mowdmin-mobile-be\\node_modules\\jest-circus\\build\\jestAdapterInit.js:1918:21)\n    at jestAdapter (C:\\Users\\pc\\Documents\\GitHub\\mowdmin-mobile-be\\node_modules\\jest-circus\\build\\runner.js:103:25)\n    at runTestInternal (C:\\Users\\pc\\Documents\\GitHub\\mowdmin-mobile-be\\node_modules\\jest-runner\\build\\testWorker.js:275:16)\n    at runTest (C:\\Users\\pc\\Documents\\GitHub\\mowdmin-mobile-be\\node_modules\\jest-runner\\build\\testWorker.js:343:7)\n    at Object.worker (C:\\Users\\pc\\Documents\\GitHub\\mowdmin-mobile-be\\node_modules\\jest-runner\\build\\testWorker.js:497:12)"],"fullName":"Media Category Routes should create a media category successfully","invocations":1,"location":null,"numPassingAsserts":0,"retryReasons":[],"startAt":1769463249612,"status":"failed","title":"should create a media category successfully"}],"endTime":1769463249692,"message":"\u001b[1m\u001b[31m  \u001b[1m● \u001b[22m\u001b[1mMedia Category Routes › should create a media category successfully\u001b[39m\u001b[22m\n\n    TypeError: Cannot read properties of undefined (reading 'mockResolvedValue')\n\u001b[2m\u001b[22m\n\u001b[2m    \u001b[0m \u001b[90m 46 |\u001b[39m     it(\u001b[32m'should create a media category successfully'\u001b[39m\u001b[33m,\u001b[39m \u001b[36masync\u001b[39m () \u001b[33m=>\u001b[39m {\u001b[22m\n\u001b[2m     \u001b[90m 47 |\u001b[39m         \u001b[36mconst\u001b[39m mockCategory \u001b[33m=\u001b[39m { id\u001b[33m:\u001b[39m \u001b[35m1\u001b[39m\u001b[33m,\u001b[39m name\u001b[33m:\u001b[39m \u001b[32m'Sermons'\u001b[39m }\u001b[33m;\u001b[39m\u001b[22m\n\u001b[2m    \u001b[31m\u001b[1m>\u001b[22m\u001b[2m\u001b[39m\u001b[90m 48 |\u001b[39m         \u001b[33mMediaCategoryService\u001b[39m\u001b[33m.\u001b[39mcreateCategory\u001b[33m.\u001b[39mmockResolvedValue(mockCategory)\u001b[33m;\u001b[39m\u001b[22m\n\u001b[2m     \u001b[90m    |\u001b[39m                                             \u001b[31m\u001b[1m^\u001b[22m\u001b[2m\u001b[39m\u001b[22m\n\u001b[2m     \u001b[90m 49 |\u001b[39m\u001b[22m\n\u001b[2m     \u001b[90m 50 |\u001b[39m         \u001b[36mconst\u001b[39m response \u001b[33m=\u001b[39m \u001b[36mawait\u001b[39m request(app)\u001b[22m\n\u001b[2m     \u001b[90m 51 |\u001b[39m             \u001b[33m.\u001b[39mpost(\u001b[32m'/api/v1/media-category/create'\u001b[39m)\u001b[0m\u001b[22m\n\u001b[2m\u001b[22m\n\u001b[2m      \u001b[2mat Object.mockResolvedValue (\u001b[22m\u001b[2m\u001b[0m\u001b[36msrc/__tests__/MediaCategory.test.js\u001b[39m\u001b[0m\u001b[2m:48:45)\u001b[22m\u001b[2m\u001b[22m\n","name":"C:\\Users\\pc\\Documents\\GitHub\\mowdmin-mobile-be\\src\\__tests__\\MediaCategory.test.js","startTime":1769463175954,"status":"failed","summary":""},{"assertionResults":[{"ancestorTitles":["Auth Routes"],"duration":1163,"failing":false,"failureDetails":[],"failureMessages":[],"fullName":"Auth Routes should register a new user successfully","invocations":1,"location":null,"numPassingAsserts":2,"retryReasons":[],"startAt":1769463248490,"status":"passed","title":"should register a new user successfully"},{"ancestorTitles":["Auth Routes"],"duration":30,"failing":false,"failureDetails":[],"failureMessages":[],"fullName":"Auth Routes should login successfully","invocations":1,"location":null,"numPassingAsserts":2,"retryReasons":[],"startAt":1769463249657,"status":"passed","title":"should login successfully"}],"endTime":1769463249692,"message":"","name":"C:\\Users\\pc\\Documents\\GitHub\\mowdmin-mobile-be\\src\\__tests__\\Auth.test.js","startTime":1769463153653,"status":"passed","summary":""},{"assertionResults":[{"ancestorTitles":["Prayer Request Routes"],"duration":1422,"failing":false,"failureDetails":[],"failureMessages":[],"fullName":"Prayer Request Routes should create a prayer request successfully","invocations":1,"location":null,"numPassingAsserts":1,"retryReasons":[],"startAt":1769463248645,"status":"passed","title":"should create a prayer request successfully"}],"endTime":1769463250074,"message":"","name":"C:\\Users\\pc\\Documents\\GitHub\\mowdmin-mobile-be\\src\\__tests__\\PrayerRequest.test.js","startTime":1769463154038,"status":"passed","summary":""},{"assertionResults":[{"ancestorTitles":["Event Registration Routes"],"duration":1251,"failing":false,"failureDetails":[],"failureMessages":[],"fullName":"Event Registration Routes should register for an event successfully","invocations":1,"location":null,"numPassingAsserts":2,"retryReasons":[],"startAt":1769463249989,"status":"passed","title":"should register for an event successfully"}],"endTime":1769463251248,"message":"","name":"C:\\Users\\pc\\Documents\\GitHub\\mowdmin-mobile-be\\src\\__tests__\\EventRegistration.test.js","startTime":1769463153464,"status":"passed","summary":""},{"assertionResults":[{"ancestorTitles":["Order Routes"],"duration":483,"failing":false,"failureDetails":[],"failureMessages":[],"fullName":"Order Routes should create an order successfully","invocations":1,"location":null,"numPassingAsserts":1,"retryReasons":[],"startAt":1769463252372,"status":"passed","title":"should create an order successfully"}],"endTime":1769463252858,"message":"","name":"C:\\Users\\pc\\Documents\\GitHub\\mowdmin-mobile-be\\src\\__tests__\\Order.test.js","startTime":1769463249210,"status":"passed","summary":""},{"assertionResults":[{"ancestorTitles":["Media Bookmark Routes"],"duration":476,"failing":false,"failureDetails":[{"matcherResult":{"actual":400,"expected":201,"message":"\u001b[2mexpect(\u001b[22m\u001b[31mreceived\u001b[39m\u001b[2m).\u001b[22mtoBe\u001b[2m(\u001b[22m\u001b[32mexpected\u001b[39m\u001b[2m) // Object.is equality\u001b[22m\n\nExpected: \u001b[32m201\u001b[39m\nReceived: \u001b[31m400\u001b[39m","name":"toBe","pass":false}}],"failureMessages":["Error: \u001b[2mexpect(\u001b[22m\u001b[31mreceived\u001b[39m\u001b[2m).\u001b[22mtoBe\u001b[2m(\u001b[22m\u001b[32mexpected\u001b[39m\u001b[2m) // Object.is equality\u001b[22m\n\nExpected: \u001b[32m201\u001b[39m\nReceived: \u001b[31m400\u001b[39m\n    at Object.toBe (C:\\Users\\pc\\Documents\\GitHub\\mowdmin-mobile-be\\src\\__tests__\\MediaBookmark.test.js:56:33)\n    at processTicksAndRejections (node:internal/process/task_queues:105:5)"],"fullName":"Media Bookmark Routes should bookmark media successfully","invocations":1,"location":null,"numPassingAsserts":0,"retryReasons":[],"startAt":1769463252641,"status":"failed","title":"should bookmark media successfully"}],"endTime":1769463253167,"message":"\u001b[1m\u001b[31m  \u001b[1m● \u001b[22m\u001b[1mMedia Bookmark Routes › should bookmark media successfully\u001b[39m\u001b[22m\n\n    \u001b[2mexpect(\u001b[22m\u001b[31mreceived\u001b[39m\u001b[2m).\u001b[22mtoBe\u001b[2m(\u001b[22m\u001b[32mexpected\u001b[39m\u001b[2m) // Object.is equality\u001b[22m\n\n    Expected: \u001b[32m201\u001b[39m\n    Received: \u001b[31m400\u001b[39m\n\u001b[2m\u001b[22m\n\u001b[2m    \u001b[0m \u001b[90m 54 |\u001b[39m             \u001b[33m.\u001b[39msend({ mediaId\u001b[33m:\u001b[39m \u001b[35m1\u001b[39m })\u001b[33m;\u001b[39m\u001b[22m\n\u001b[2m     \u001b[90m 55 |\u001b[39m\u001b[22m\n\u001b[2m    \u001b[31m\u001b[1m>\u001b[22m\u001b[2m\u001b[39m\u001b[90m 56 |\u001b[39m         expect(response\u001b[33m.\u001b[39mstatus)\u001b[33m.\u001b[39mtoBe(\u001b[35m201\u001b[39m)\u001b[33m;\u001b[39m\u001b[22m\n\u001b[2m     \u001b[90m    |\u001b[39m                                 \u001b[31m\u001b[1m^\u001b[22m\u001b[2m\u001b[39m\u001b[22m\n\u001b[2m     \u001b[90m 57 |\u001b[39m     })\u001b[33m;\u001b[39m\u001b[22m\n\u001b[2m     \u001b[90m 58 |\u001b[39m })\u001b[33m;\u001b[39m\u001b[22m\n\u001b[2m     \u001b[90m 59 |\u001b[39m\u001b[0m\u001b[22m\n\u001b[2m\u001b[22m\n\u001b[2m      \u001b[2mat Object.toBe (\u001b[22m\u001b[2m\u001b[0m\u001b[36msrc/__tests__/MediaBookmark.test.js\u001b[39m\u001b[0m\u001b[2m:56:33)\u001b[22m\u001b[2m\u001b[22m\n","name":"C:\\Users\\pc\\Documents\\GitHub\\mowdmin-mobile-be\\src\\__tests__\\MediaBookmark.test.js","startTime":1769463249582,"status":"failed","summary":""},{"assertionResults":[{"ancestorTitles":["Event Routes","POST /api/v1/event/create"],"duration":1654,"failing":false,"failureDetails":[{"matcherResult":{"actual":500,"expected":201,"message":"\u001b[2mexpect(\u001b[22m\u001b[31mreceived\u001b[39m\u001b[2m).\u001b[22mtoBe\u001b[2m(\u001b[22m\u001b[32mexpected\u001b[39m\u001b[2m) // Object.is equality\u001b[22m\n\nExpected: \u001b[32m201\u001b[39m\nReceived: \u001b[31m500\u001b[39m","name":"toBe","pass":false}}],"failureMessages":["Error: \u001b[2mexpect(\u001b[22m\u001b[31mreceived\u001b[39m\u001b[2m).\u001b[22mtoBe\u001b[2m(\u001b[22m\u001b[32mexpected\u001b[39m\u001b[2m) // Object.is equality\u001b[22m\n\nExpected: \u001b[32m201\u001b[39m\nReceived: \u001b[31m500\u001b[39m\n    at Object.toBe (C:\\Users\\pc\\Documents\\GitHub\\mowdmin-mobile-be\\src\\__tests__\\Event.test.js:55:37)\n    at processTicksAndRejections (node:internal/process/task_queues:105:5)"],"fullName":"Event Routes POST /api/v1/event/create should create an event successfully","invocations":1,"location":null,"numPassingAsserts":0,"retryReasons":[],"startAt":1769463251281,"status":"failed","title":"should create an event successfully"},{"ancestorTitles":["Event Routes","GET /api/v1/event"],"duration":36,"failing":false,"failureDetails":[],"failureMessages":[],"fullName":"Event Routes GET /api/v1/event should fetch all events successfully","invocations":1,"location":null,"numPassingAsserts":2,"retryReasons":[],"startAt":1769463253129,"status":"passed","title":"should fetch all events successfully"}],"endTime":1769463253237,"message":"\u001b[1m\u001b[31m  \u001b[1m● \u001b[22m\u001b[1mEvent Routes › POST /api/v1/event/create › should create an event successfully\u001b[39m\u001b[22m\n\n    \u001b[2mexpect(\u001b[22m\u001b[31mreceived\u001b[39m\u001b[2m).\u001b[22mtoBe\u001b[2m(\u001b[22m\u001b[32mexpected\u001b[39m\u001b[2m) // Object.is equality\u001b[22m\n\n    Expected: \u001b[32m201\u001b[39m\n    Received: \u001b[31m500\u001b[39m\n\u001b[2m\u001b[22m\n\u001b[2m    \u001b[0m \u001b[90m 53 |\u001b[39m                 \u001b[33m.\u001b[39msend({ title\u001b[33m:\u001b[39m \u001b[32m'Test Event'\u001b[39m\u001b[33m,\u001b[39m date\u001b[33m:\u001b[39m \u001b[32m'2023-12-01'\u001b[39m\u001b[33m,\u001b[39m time\u001b[33m:\u001b[39m \u001b[32m'10:00 AM'\u001b[39m\u001b[33m,\u001b[39m location\u001b[33m:\u001b[39m \u001b[32m'Test Location'\u001b[39m\u001b[33m,\u001b[39m type\u001b[33m:\u001b[39m \u001b[32m'concert'\u001b[39m })\u001b[33m;\u001b[39m\u001b[22m\n\u001b[2m     \u001b[90m 54 |\u001b[39m\u001b[22m\n\u001b[2m    \u001b[31m\u001b[1m>\u001b[22m\u001b[2m\u001b[39m\u001b[90m 55 |\u001b[39m             expect(response\u001b[33m.\u001b[39mstatus)\u001b[33m.\u001b[39mtoBe(\u001b[35m201\u001b[39m)\u001b[33m;\u001b[39m\u001b[22m\n\u001b[2m     \u001b[90m    |\u001b[39m                                     \u001b[31m\u001b[1m^\u001b[22m\u001b[2m\u001b[39m\u001b[22m\n\u001b[2m     \u001b[90m 56 |\u001b[39m             expect(response\u001b[33m.\u001b[39mbody\u001b[33m.\u001b[39mstatus)\u001b[33m.\u001b[39mtoBe(\u001b[32m'success'\u001b[39m)\u001b[33m;\u001b[39m\u001b[22m\n\u001b[2m     \u001b[90m 57 |\u001b[39m             expect(response\u001b[33m.\u001b[39mbody\u001b[33m.\u001b[39mdata)\u001b[33m.\u001b[39mtoEqual(mockEvent)\u001b[33m;\u001b[39m\u001b[22m\n\u001b[2m     \u001b[90m 58 |\u001b[39m         })\u001b[33m;\u001b[39m\u001b[0m\u001b[22m\n\u001b[2m\u001b[22m\n\u001b[2m      \u001b[2mat Object.toBe (\u001b[22m\u001b[2m\u001b[0m\u001b[36msrc/__tests__/Event.test.js\u001b[39m\u001b[0m\u001b[2m:55:37)\u001b[22m\u001b[2m\u001b[22m\n","name":"C:\\Users\\pc\\Documents\\GitHub\\mowdmin-mobile-be\\src\\__tests__\\Event.test.js","startTime":1769463153284,"status":"failed","summary":""},{"assertionResults":[{"ancestorTitles":["Prayer Routes"],"duration":252,"failing":false,"failureDetails":[],"failureMessages":[],"fullName":"Prayer Routes should create a prayer successfully","invocations":1,"location":null,"numPassingAsserts":1,"retryReasons":[],"startAt":1769463253606,"status":"passed","title":"should create a prayer successfully"}],"endTime":1769463253860,"message":"","name":"C:\\Users\\pc\\Documents\\GitHub\\mowdmin-mobile-be\\src\\__tests__\\Prayer.test.js","startTime":1769463250181,"status":"passed","summary":""},{"assertionResults":[{"ancestorTitles":["Product Routes"],"duration":361,"failing":false,"failureDetails":[],"failureMessages":[],"fullName":"Product Routes should create a product successfully","invocations":1,"location":null,"numPassingAsserts":1,"retryReasons":[],"startAt":1769463254634,"status":"passed","title":"should create a product successfully"}],"endTime":1769463255001,"message":"","name":"C:\\Users\\pc\\Documents\\GitHub\\mowdmin-mobile-be\\src\\__tests__\\Product.test.js","startTime":1769463251138,"status":"passed","summary":""},{"assertionResults":[{"ancestorTitles":["Info Routes","GET /api/v1/info"],"duration":48,"failing":false,"failureDetails":[{"matcherResult":{"message":"\u001b[2mexpect(\u001b[22m\u001b[31mreceived\u001b[39m\u001b[2m).\u001b[22mtoMatchObject\u001b[2m(\u001b[22m\u001b[32mexpected\u001b[39m\u001b[2m)\u001b[22m\n\nExpected: \u001b[32m[{\"content\": \"Test Info\", \"id\": 1}]\u001b[39m\nReceived: \u001b[31m{\"impact\": [\"Africa missions\", \"Europe outreach\", \"Orphan care\", \"Partnerships\"], \"media\": [], \"mission\": \"To spread the Gospel of Salvation globally.\"}\u001b[39m","pass":false}}],"failureMessages":["Error: \u001b[2mexpect(\u001b[22m\u001b[31mreceived\u001b[39m\u001b[2m).\u001b[22mtoMatchObject\u001b[2m(\u001b[22m\u001b[32mexpected\u001b[39m\u001b[2m)\u001b[22m\n\nExpected: \u001b[32m[{\"content\": \"Test Info\", \"id\": 1}]\u001b[39m\nReceived: \u001b[31m{\"impact\": [\"Africa missions\", \"Europe outreach\", \"Orphan care\", \"Partnerships\"], \"media\": [], \"mission\": \"To spread the Gospel of Salvation globally.\"}\u001b[39m\n    at Object.toMatchObject (C:\\Users\\pc\\Documents\\GitHub\\mowdmin-mobile-be\\src\\__tests__\\Info.test.js:51:40)\n    at processTicksAndRejections (node:internal/process/task_queues:105:5)"],"fullName":"Info Routes GET /api/v1/info should fetch all info entries successfully","invocations":1,"location":null,"numPassingAsserts":1,"retryReasons":[],"startAt":1769463254846,"status":"failed","title":"should fetch all info entries successfully"}],"endTime":1769463254928,"message":"\u001b[1m\u001b[31m  \u001b[1m● \u001b[22m\u001b[1mInfo Routes › GET /api/v1/info › should fetch all info entries successfully\u001b[39m\u001b[22m\n\n    \u001b[2mexpect(\u001b[22m\u001b[31mreceived\u001b[39m\u001b[2m).\u001b[22mtoMatchObject\u001b[2m(\u001b[22m\u001b[32mexpected\u001b[39m\u001b[2m)\u001b[22m\n\n    Expected: \u001b[32m[{\"content\": \"Test Info\", \"id\": 1}]\u001b[39m\n    Received: \u001b[31m{\"impact\": [\"Africa missions\", \"Europe outreach\", \"Orphan care\", \"Partnerships\"], \"media\": [], \"mission\": \"To spread the Gospel of Salvation globally.\"}\u001b[39m\n\u001b[2m\u001b[22m\n\u001b[2m    \u001b[0m \u001b[90m 49 |\u001b[39m\u001b[22m\n\u001b[2m     \u001b[90m 50 |\u001b[39m             expect(response\u001b[33m.\u001b[39mstatus)\u001b[33m.\u001b[39mtoBe(\u001b[35m200\u001b[39m)\u001b[33m;\u001b[39m\u001b[22m\n\u001b[2m    \u001b[31m\u001b[1m>\u001b[22m\u001b[2m\u001b[39m\u001b[90m 51 |\u001b[39m             expect(response\u001b[33m.\u001b[39mbody\u001b[33m.\u001b[39mdata)\u001b[33m.\u001b[39mtoMatchObject(mockInfo)\u001b[33m;\u001b[39m\u001b[22m\n\u001b[2m     \u001b[90m    |\u001b[39m                                        \u001b[31m\u001b[1m^\u001b[22m\u001b[2m\u001b[39m\u001b[22m\n\u001b[2m     \u001b[90m 52 |\u001b[39m         })\u001b[33m;\u001b[39m\u001b[22m\n\u001b[2m     \u001b[90m 53 |\u001b[39m     })\u001b[33m;\u001b[39m\u001b[22m\n\u001b[2m     \u001b[90m 54 |\u001b[39m })\u001b[33m;\u001b[39m\u001b[0m\u001b[22m\n\u001b[2m\u001b[22m\n\u001b[2m      \u001b[2mat Object.toMatchObject (\u001b[22m\u001b[2m\u001b[0m\u001b[36msrc/__tests__/Info.test.js\u001b[39m\u001b[0m\u001b[2m:51:40)\u001b[22m\u001b[2m\u001b[22m\n","name":"C:\\Users\\pc\\Documents\\GitHub\\mowdmin-mobile-be\\src\\__tests__\\Info.test.js","startTime":1769463253756,"status":"failed","summary":""},{"assertionResults":[],"coverage":{},"endTime":1769463257570,"message":"  \u001b[1m● \u001b[22mTest suite failed to run\n\n    Your test suite must contain at least one test.\n\n      \u001b[2mat onResult (\u001b[22mnode_modules/@jest/core/build/index.js\u001b[2m:1057:18)\u001b[22m\n      \u001b[2mat \u001b[22mnode_modules/@jest/core/build/index.js\u001b[2m:1127:165\u001b[22m\n      \u001b[2mat \u001b[22mnode_modules/emittery/index.js\u001b[2m:363:13\u001b[22m\n          at Array.map (<anonymous>)\n      \u001b[2mat Emittery.emit (\u001b[22mnode_modules/emittery/index.js\u001b[2m:361:23)\u001b[22m\n","name":"C:\\Users\\pc\\Documents\\GitHub\\mowdmin-mobile-be\\src\\__tests__\\__mocks__\\nodemailer.js","startTime":1769463257570,"status":"failed","summary":""},{"assertionResults":[],"coverage":{},"endTime":1769463257570,"message":"  \u001b[1m● \u001b[22mTest suite failed to run\n\n    Your test suite must contain at least one test.\n\n      \u001b[2mat onResult (\u001b[22mnode_modules/@jest/core/build/index.js\u001b[2m:1057:18)\u001b[22m\n      \u001b[2mat \u001b[22mnode_modules/@jest/core/build/index.js\u001b[2m:1127:165\u001b[22m\n      \u001b[2mat \u001b[22mnode_modules/emittery/index.js\u001b[2m:363:13\u001b[22m\n          at Array.map (<anonymous>)\n      \u001b[2mat Emittery.emit (\u001b[22mnode_modules/emittery/index.js\u001b[2m:361:23)\u001b[22m\n","name":"C:\\Users\\pc\\Documents\\GitHub\\mowdmin-mobile-be\\src\\__tests__\\__mocks__\\express-validator.js","startTime":1769463257570,"status":"failed","summary":""},{"assertionResults":[{"ancestorTitles":["Profile Routes"],"duration":76,"failing":false,"failureDetails":[],"failureMessages":[],"fullName":"Profile Routes should fetch profile successfully","invocations":1,"location":null,"numPassingAsserts":1,"retryReasons":[],"startAt":1769463255362,"status":"passed","title":"should fetch profile successfully"}],"endTime":1769463255441,"message":"","name":"C:\\Users\\pc\\Documents\\GitHub\\mowdmin-mobile-be\\src\\__tests__\\Profile.test.js","startTime":1769463252195,"status":"passed","summary":""},{"assertionResults":[{"ancestorTitles":["Membership Routes"],"duration":66,"failing":false,"failureDetails":[],"failureMessages":[],"fullName":"Membership Routes should create membership successfully","invocations":1,"location":null,"numPassingAsserts":1,"retryReasons":[],"startAt":1769463255842,"status":"passed","title":"should create membership successfully"}],"endTime":1769463255911,"message":"","name":"C:\\Users\\pc\\Documents\\GitHub\\mowdmin-mobile-be\\src\\__tests__\\Membership.test.js","startTime":1769463254902,"status":"passed","summary":""},{"assertionResults":[{"ancestorTitles":["Order Item Routes"],"duration":26,"failing":false,"failureDetails":[],"failureMessages":[],"fullName":"Order Item Routes should fetch order items successfully","invocations":1,"location":null,"numPassingAsserts":1,"retryReasons":[],"startAt":1769463256597,"status":"passed","title":"should fetch order items successfully"}],"endTime":1769463256624,"message":"","name":"C:\\Users\\pc\\Documents\\GitHub\\mowdmin-mobile-be\\src\\__tests__\\OrderItem.test.js","startTime":1769463253577,"status":"passed","summary":""},{"assertionResults":[{"ancestorTitles":["Notification Routes"],"duration":28,"failing":false,"failureDetails":[],"failureMessages":[],"fullName":"Notification Routes should fetch user notifications successfully","invocations":1,"location":null,"numPassingAsserts":1,"retryReasons":[],"startAt":1769463257341,"status":"passed","title":"should fetch user notifications successfully"}],"endTime":1769463257370,"message":"","name":"C:\\Users\\pc\\Documents\\GitHub\\mowdmin-mobile-be\\src\\__tests__\\Notification.test.js","startTime":1769463250630,"status":"passed","summary":""}],"wasInterrupted":false}
